<?xml version="1.0" encoding="UTF-8"?>
<!-- Generated by org.testng.reporters.JUnitReportReporter -->
<testsuite hostname="IAmTheKing" failures="0" tests="1" name="com.balsam.tests.BalsamCartTest" time="41.864" errors="0" timestamp="2025-08-30T03:08:36 EDT" skipped="0">
  <testcase classname="com.balsam.tests.BalsamCartTest" name="searchChristmasTree" time="41.864"/>
</testsuite> <!-- com.balsam.tests.BalsamCartTest -->
